<?xml version="1.0" encoding="UTF-8"?>
<!-- Generated by org.testng.reporters.JUnitReportReporter -->
<testsuite hostname="DESKTOP-1C4Q6IJ" failures="0" tests="2" name="com.crm.qa.testcases.DealsPageTest" time="26.148" errors="0" timestamp="2020-07-12T12:27:09 EDT" skipped="0">
  <testcase classname="com.crm.qa.testcases.DealsPageTest" name="ValidateDealsPageLogoTest" time="10.308"/>
  <system-out/>
  <testcase classname="com.crm.qa.testcases.DealsPageTest" name="AddNewDealsTest" time="15.840"/>
  <system-out/>
</testsuite> <!-- com.crm.qa.testcases.DealsPageTest -->
