<?xml version="1.0" encoding="UTF-8"?>
<!-- Generated by org.testng.reporters.JUnitReportReporter -->
<testsuite hostname="DESKTOP-1C4Q6IJ" failures="0" tests="2" name="com.crm.qa.testcases.LoginPageTest" time="19.872" errors="0" timestamp="2020-08-30T22:02:23 EDT" skipped="0">
  <testcase classname="com.crm.qa.testcases.LoginPageTest" name="ValidateLoginPageTitleTest" time="10.243"/>
  <system-out/>
  <testcase classname="com.crm.qa.testcases.LoginPageTest" name="LoginTest" time="9.629"/>
  <system-out/>
</testsuite> <!-- com.crm.qa.testcases.LoginPageTest -->
