<?xml version="1.0" encoding="UTF-8"?>
<!-- Generated by org.testng.reporters.JUnitReportReporter -->
<testsuite hostname="DESKTOP-1C4Q6IJ" failures="0" tests="4" name="com.crm.qa.testcases.HomePageTest" time="52.505" errors="0" timestamp="2020-08-30T22:08:46 EDT" skipped="0">
  <testcase classname="com.crm.qa.testcases.HomePageTest" name="validateHomePageTitleTest" time="13.525"/>
  <system-out/>
  <testcase classname="com.crm.qa.testcases.HomePageTest" name="validateUserNameLabelTest" time="11.682"/>
  <system-out/>
  <testcase classname="com.crm.qa.testcases.HomePageTest" name="clickOnContactsLinkTest" time="14.144"/>
  <system-out/>
  <testcase classname="com.crm.qa.testcases.HomePageTest" name="clickOnDealsLinkTest" time="13.154"/>
  <system-out/>
</testsuite> <!-- com.crm.qa.testcases.HomePageTest -->
