<?xml version="1.0" encoding="UTF-8"?>
<!-- Generated by org.testng.reporters.JUnitReportReporter -->
<testsuite hostname="DESKTOP-1C4Q6IJ" failures="0" tests="2" name="com.crm.qa.testcases.SignUpPageTest" time="27.765" errors="0" timestamp="2020-07-12T00:07:18 EDT" skipped="0">
  <testcase classname="com.crm.qa.testcases.SignUpPageTest" name="EnterDetailsTest" time="16.121"/>
  <system-out/>
  <testcase classname="com.crm.qa.testcases.SignUpPageTest" name="RegisterLogoTest" time="11.644"/>
  <system-out/>
</testsuite> <!-- com.crm.qa.testcases.SignUpPageTest -->
