<?xml version="1.0" encoding="UTF-8"?>
<!-- Generated by org.testng.reporters.JUnitReportReporter -->
<testsuite hostname="DESKTOP-1C4Q6IJ" failures="0" tests="2" name="com.crm.qa.testcases.LoginPageTest" time="18.819" errors="0" timestamp="2020-07-11T23:23:18 EDT" skipped="0">
  <testcase classname="com.crm.qa.testcases.LoginPageTest" name="ValidateLoginPageTitleTest" time="9.095"/>
  <system-out/>
  <testcase classname="com.crm.qa.testcases.LoginPageTest" name="LoginTest" time="9.724"/>
  <system-out/>
</testsuite> <!-- com.crm.qa.testcases.LoginPageTest -->
