<?xml version="1.0" encoding="UTF-8"?>
<!-- Generated by org.testng.reporters.JUnitReportReporter -->
<testsuite hostname="DESKTOP-1C4Q6IJ" failures="0" tests="4" name="com.crm.qa.testcases.HomePageTest" time="50.424" errors="0" timestamp="2020-07-07T01:45:52 EDT" skipped="0">
  <testcase classname="com.crm.qa.testcases.HomePageTest" name="validateHomePageTitleTest" time="12.385"/>
  <system-out/>
  <testcase classname="com.crm.qa.testcases.HomePageTest" name="validateUserNameLabelTest" time="10.454"/>
  <system-out/>
  <testcase classname="com.crm.qa.testcases.HomePageTest" name="clickOnContactsLinkTest" time="13.979"/>
  <system-out/>
  <testcase classname="com.crm.qa.testcases.HomePageTest" name="clickOnDealsLinkTest" time="13.606"/>
  <system-out/>
</testsuite> <!-- com.crm.qa.testcases.HomePageTest -->
