<?xml version="1.0" encoding="UTF-8"?>
<!-- Generated by org.testng.reporters.JUnitReportReporter -->
<testsuite hostname="DESKTOP-1C4Q6IJ" failures="0" tests="3" name="com.crm.qa.testcases.ContactsPageTest" time="53.976" errors="0" timestamp="2020-07-07T01:44:39 EDT" skipped="0">
  <testcase classname="com.crm.qa.testcases.ContactsPageTest" name="ValidateContactsPageTextTest" time="13.683"/>
  <system-out/>
  <testcase classname="com.crm.qa.testcases.ContactsPageTest" name="AddNewContactsTest" time="19.848"/>
  <system-out/>
  <testcase classname="com.crm.qa.testcases.ContactsPageTest" name="AddNewContactsTest" time="20.445"/>
  <system-out/>
</testsuite> <!-- com.crm.qa.testcases.ContactsPageTest -->
